TN:
SF:app.js
FN:27,setStatus
FN:32,cargarProductos
FN:45,renderProductos
FN:47,(anonymous_3)
FN:66,(anonymous_4)
FN:67,(anonymous_5)
FN:73,(anonymous_6)
FN:74,(anonymous_7)
FN:83,limpiarFormulario
FN:92,obtenerDatosFormulario
FN:101,validarProducto
FN:108,guardarProducto
FN:135,(anonymous_12)
FN:148,editarProducto
FN:166,eliminarProducto
FN:181,(anonymous_15)
FNF:16
FNH:15
FNDA:48,setStatus
FNDA:30,cargarProductos
FNDA:29,renderProductos
FNDA:58,(anonymous_3)
FNDA:58,(anonymous_4)
FNDA:3,(anonymous_5)
FNDA:58,(anonymous_6)
FNDA:4,(anonymous_7)
FNDA:6,limpiarFormulario
FNDA:9,obtenerDatosFormulario
FNDA:9,validarProducto
FNDA:9,guardarProducto
FNDA:0,(anonymous_12)
FNDA:3,editarProducto
FNDA:3,eliminarProducto
FNDA:3,(anonymous_15)
DA:8,23
DA:13,23
DA:15,23
DA:16,23
DA:17,23
DA:18,23
DA:19,23
DA:20,23
DA:22,23
DA:23,23
DA:24,23
DA:25,23
DA:28,48
DA:29,48
DA:33,30
DA:34,30
DA:35,30
DA:36,29
DA:37,29
DA:38,29
DA:40,1
DA:41,1
DA:46,29
DA:47,29
DA:48,58
DA:50,58
DA:62,58
DA:66,29
DA:67,58
DA:68,3
DA:69,3
DA:73,29
DA:74,58
DA:75,4
DA:76,4
DA:77,3
DA:84,6
DA:85,6
DA:86,6
DA:87,6
DA:88,6
DA:89,6
DA:93,9
DA:102,9
DA:103,7
DA:104,5
DA:105,4
DA:109,9
DA:110,9
DA:111,9
DA:112,5
DA:113,5
DA:116,4
DA:118,4
DA:120,1
DA:127,3
DA:134,4
DA:135,1
DA:136,1
DA:139,3
DA:140,3
DA:141,3
DA:143,1
DA:144,1
DA:149,3
DA:150,3
DA:151,3
DA:152,2
DA:153,2
DA:154,2
DA:155,2
DA:156,2
DA:157,2
DA:158,2
DA:159,2
DA:161,1
DA:162,1
DA:167,3
DA:168,3
DA:169,3
DA:170,2
DA:171,2
DA:173,1
DA:174,1
DA:179,23
DA:180,23
DA:181,23
DA:182,3
DA:183,3
DA:187,23
LF:90
LH:90
BRDA:27,0,0,0
BRDA:35,1,0,1
BRDA:35,1,1,29
BRDA:53,2,0,58
BRDA:53,2,1,2
BRDA:76,3,0,3
BRDA:76,3,1,1
BRDA:102,4,0,2
BRDA:102,4,1,7
BRDA:103,5,0,2
BRDA:103,5,1,5
BRDA:103,6,0,7
BRDA:103,6,1,6
BRDA:104,7,0,1
BRDA:104,7,1,4
BRDA:104,8,0,5
BRDA:104,8,1,5
BRDA:111,9,0,5
BRDA:111,9,1,4
BRDA:118,10,0,1
BRDA:118,10,1,3
BRDA:134,11,0,1
BRDA:134,11,1,3
BRDA:136,12,0,1
BRDA:136,12,1,0
BRDA:141,13,0,0
BRDA:141,13,1,3
BRDA:151,14,0,1
BRDA:151,14,1,2
BRDA:156,15,0,2
BRDA:156,15,1,0
BRDA:169,16,0,1
BRDA:169,16,1,2
BRF:33
BRH:29
end_of_record
