TN:
SF:server.js
FN:22,initDb
FN:41,handleError
FN:47,(anonymous_2)
FN:57,(anonymous_3)
FN:71,(anonymous_4)
FN:92,(anonymous_5)
FN:118,(anonymous_6)
FN:132,(anonymous_7)
FN:140,(anonymous_8)
FNF:9
FNH:8
FNDA:1,initDb
FNDA:5,handleError
FNDA:3,(anonymous_2)
FNDA:3,(anonymous_3)
FNDA:6,(anonymous_4)
FNDA:5,(anonymous_5)
FNDA:3,(anonymous_6)
FNDA:1,(anonymous_7)
FNDA:0,(anonymous_8)
DA:1,1
DA:2,1
DA:3,1
DA:5,1
DA:6,1
DA:14,1
DA:16,1
DA:17,1
DA:23,1
DA:24,1
DA:34,1
DA:36,0
DA:42,5
DA:43,5
DA:47,1
DA:48,3
DA:49,3
DA:50,2
DA:52,1
DA:57,1
DA:58,3
DA:59,3
DA:60,3
DA:61,2
DA:62,1
DA:64,1
DA:66,1
DA:71,1
DA:72,6
DA:74,6
DA:75,3
DA:78,3
DA:79,3
DA:83,2
DA:84,2
DA:85,2
DA:87,1
DA:92,1
DA:93,5
DA:94,5
DA:96,5
DA:97,2
DA:100,3
DA:101,3
DA:106,2
DA:107,1
DA:110,1
DA:111,1
DA:113,1
DA:118,1
DA:119,3
DA:120,3
DA:121,3
DA:122,2
DA:123,1
DA:125,1
DA:127,1
DA:132,1
DA:133,1
DA:139,1
DA:140,0
DA:141,0
DA:142,0
DA:146,1
LF:64
LH:60
BRDA:6,0,0,1
BRDA:6,0,1,1
BRDA:9,1,0,1
BRDA:10,2,0,1
BRDA:11,3,0,1
BRDA:12,4,0,1
BRDA:13,5,0,1
BRDA:41,6,0,0
BRDA:61,7,0,1
BRDA:61,7,1,1
BRDA:74,8,0,3
BRDA:74,8,1,3
BRDA:74,9,0,6
BRDA:74,9,1,5
BRDA:74,9,2,4
BRDA:81,10,0,3
BRDA:81,10,1,3
BRDA:96,11,0,2
BRDA:96,11,1,3
BRDA:96,12,0,5
BRDA:96,12,1,4
BRDA:96,12,2,3
BRDA:103,13,0,3
BRDA:103,13,1,3
BRDA:106,14,0,1
BRDA:106,14,1,1
BRDA:122,15,0,1
BRDA:122,15,1,1
BRDA:139,16,0,0
BRDA:139,16,1,1
BRF:30
BRH:28
end_of_record
